This is pdfTeX, Version 3.14159265-2.6-1.40.20 (TeX Live 2019/Debian) (preloaded format=pdflatex 2021.7.24)  30 DEC 2021 16:24
entering extended mode
 restricted \write18 enabled.
 %&-line parsing enabled.
**thesis.tex
(./thesis.tex
LaTeX2e <2020-02-02> patch level 2
L3 programming layer <2020-02-14> (./sdsu-thesis.cls
Document Class: sdsu-thesis 2017/05/08 SDSU-Thesis Class for Mathematics Depart
ment
(/usr/share/texlive/texmf-dist/tex/latex/tools/calc.sty
Package: calc 2017/05/25 v4.3 Infix arithmetic (KKT,FJ)
\calc@Acount=\count167
\calc@Bcount=\count168
\calc@Adimen=\dimen134
\calc@Bdimen=\dimen135
\calc@Askip=\skip47
\calc@Bskip=\skip48
LaTeX Info: Redefining \setlength on input line 80.
LaTeX Info: Redefining \addtolength on input line 81.
\calc@Ccount=\count169
\calc@Cskip=\skip49
)
(/usr/share/texlive/texmf-dist/tex/latex/base/report.cls
Document Class: report 2019/12/20 v1.4l Standard LaTeX document class
(/usr/share/texlive/texmf-dist/tex/latex/base/size12.clo
File: size12.clo 2019/12/20 v1.4l Standard LaTeX file (size option)
)
\c@part=\count170
\c@chapter=\count171
\c@section=\count172
\c@subsection=\count173
\c@subsubsection=\count174
\c@paragraph=\count175
\c@subparagraph=\count176
\c@figure=\count177
\c@table=\count178
\abovecaptionskip=\skip50
\belowcaptionskip=\skip51
\bibindent=\dimen136
)
\c@titlelines=\count179
\c@subsubsubsection=\count180
)
(/usr/share/texlive/texmf-dist/tex/latex/graphics/epsfig.sty
Package: epsfig 2017/06/25 v1.7b (e)psfig emulation (SPQR)

(/usr/share/texlive/texmf-dist/tex/latex/graphics/graphicx.sty
Package: graphicx 2019/11/30 v1.2a Enhanced LaTeX Graphics (DPC,SPQR)

(/usr/share/texlive/texmf-dist/tex/latex/graphics/keyval.sty
Package: keyval 2014/10/28 v1.15 key=value parser (DPC)
\KV@toks@=\toks14
)
(/usr/share/texlive/texmf-dist/tex/latex/graphics/graphics.sty
Package: graphics 2019/11/30 v1.4a Standard LaTeX Graphics (DPC,SPQR)

(/usr/share/texlive/texmf-dist/tex/latex/graphics/trig.sty
Package: trig 2016/01/03 v1.10 sin cos tan (DPC)
)
(/usr/share/texlive/texmf-dist/tex/latex/graphics-cfg/graphics.cfg
File: graphics.cfg 2016/06/04 v1.11 sample graphics configuration
)
Package graphics Info: Driver file: pdftex.def on input line 105.

(/usr/share/texlive/texmf-dist/tex/latex/graphics-def/pdftex.def
File: pdftex.def 2018/01/08 v1.0l Graphics/color driver for pdftex
))
\Gin@req@height=\dimen137
\Gin@req@width=\dimen138
)
\epsfxsize=\dimen139
\epsfysize=\dimen140
)
(/usr/share/texlive/texmf-dist/tex/latex/amsmath/amsmath.sty
Package: amsmath 2020/01/20 v2.17e AMS math features
\@mathmargin=\skip52

For additional information on amsmath, use the `?' option.
(/usr/share/texlive/texmf-dist/tex/latex/amsmath/amstext.sty
Package: amstext 2000/06/29 v2.01 AMS text

(/usr/share/texlive/texmf-dist/tex/latex/amsmath/amsgen.sty
File: amsgen.sty 1999/11/30 v2.0 generic functions
\@emptytoks=\toks15
\ex@=\dimen141
))
(/usr/share/texlive/texmf-dist/tex/latex/amsmath/amsbsy.sty
Package: amsbsy 1999/11/29 v1.2d Bold Symbols
\pmbraise@=\dimen142
)
(/usr/share/texlive/texmf-dist/tex/latex/amsmath/amsopn.sty
Package: amsopn 2016/03/08 v2.02 operator names
)
\inf@bad=\count181
LaTeX Info: Redefining \frac on input line 227.
\uproot@=\count182
\leftroot@=\count183
LaTeX Info: Redefining \overline on input line 389.
\classnum@=\count184
\DOTSCASE@=\count185
LaTeX Info: Redefining \ldots on input line 486.
LaTeX Info: Redefining \dots on input line 489.
LaTeX Info: Redefining \cdots on input line 610.
\Mathstrutbox@=\box45
\strutbox@=\box46
\big@size=\dimen143
LaTeX Font Info:    Redeclaring font encoding OML on input line 733.
LaTeX Font Info:    Redeclaring font encoding OMS on input line 734.
\macc@depth=\count186
\c@MaxMatrixCols=\count187
\dotsspace@=\muskip16
\c@parentequation=\count188
\dspbrk@lvl=\count189
\tag@help=\toks16
\row@=\count190
\column@=\count191
\maxfields@=\count192
\andhelp@=\toks17
\eqnshift@=\dimen144
\alignsep@=\dimen145
\tagshift@=\dimen146
\tagwidth@=\dimen147
\totwidth@=\dimen148
\lineht@=\dimen149
\@envbody=\toks18
\multlinegap=\skip53
\multlinetaggap=\skip54
\mathdisplay@stack=\toks19
LaTeX Info: Redefining \[ on input line 2859.
LaTeX Info: Redefining \] on input line 2860.
)
(/usr/share/texlive/texmf-dist/tex/latex/amsfonts/amsfonts.sty
Package: amsfonts 2013/01/14 v3.01 Basic AMSFonts support
\symAMSa=\mathgroup4
\symAMSb=\mathgroup5
LaTeX Font Info:    Redeclaring math symbol \hbar on input line 98.
LaTeX Font Info:    Overwriting math alphabet `\mathfrak' in version `bold'
(Font)                  U/euf/m/n --> U/euf/b/n on input line 106.
)
(/usr/share/texlive/texmf-dist/tex/latex/amsfonts/amssymb.sty
Package: amssymb 2013/01/14 v3.01 AMS font symbols
)
(/usr/share/texlive/texmf-dist/tex/latex/amscls/amsthm.sty
Package: amsthm 2017/10/31 v2.20.4
\thm@style=\toks20
\thm@bodyfont=\toks21
\thm@headfont=\toks22
\thm@notefont=\toks23
\thm@headpunct=\toks24
\thm@preskip=\skip55
\thm@postskip=\skip56
\thm@headsep=\skip57
\dth@everypar=\toks25
)
(/usr/share/texlive/texmf-dist/tex/latex/tools/longtable.sty
Package: longtable 2020/01/07 v4.13 Multi-page Table package (DPC)
\LTleft=\skip58
\LTright=\skip59
\LTpre=\skip60
\LTpost=\skip61
\LTchunksize=\count193
\LTcapwidth=\dimen150
\LT@head=\box47
\LT@firsthead=\box48
\LT@foot=\box49
\LT@lastfoot=\box50
\LT@cols=\count194
\LT@rows=\count195
\c@LT@tables=\count196
\c@LT@chunks=\count197
\LT@p@ftn=\toks26
)
(/usr/share/texlive/texmf-dist/tex/latex/caption/caption.sty
Package: caption 2020/01/03 v3.4h Customizing captions (AR)

(/usr/share/texlive/texmf-dist/tex/latex/caption/caption3.sty
Package: caption3 2020/01/03 v1.8h caption3 kernel (AR)
Package caption3 Info: TeX engine: e-TeX on input line 61.
\captionmargin=\dimen151
\captionmargin@=\dimen152
\captionwidth=\dimen153
\caption@tempdima=\dimen154
\caption@indent=\dimen155
\caption@parindent=\dimen156
\caption@hangindent=\dimen157
Package caption Info: Unknown document class (or package),
(caption)             standard defaults will be used.
Package caption Info: \@makecaption = \long macro:#1#2->\vskip \abovecaptionski
p {\ssp \raggedright \bfseries #1. #2\par } \vskip \belowcaptionskip  on input 
line 1082.
)

Package caption Warning: Unknown document class (or package),
(caption)                standard defaults will be used.
See the caption package documentation for explanation.

\c@caption@flags=\count198
\c@continuedfloat=\count199
Package caption Info: longtable package is loaded.
(/usr/share/texlive/texmf-dist/tex/latex/caption/ltcaption.sty
Package: ltcaption 2018/08/26 v1.4a longtable captions (AR)
))
(/usr/share/texlive/texmf-dist/tex/generic/ulem/ulem.sty
\UL@box=\box51
\UL@hyphenbox=\box52
\UL@skip=\skip62
\UL@hook=\toks27
\UL@height=\dimen158
\UL@pe=\count266
\UL@pixel=\dimen159
\ULC@box=\box53
Package: ulem 2019/11/18
\ULdepth=\dimen160
)
(/usr/share/texlive/texmf-dist/tex/latex/datatool/datatool.sty
Package: datatool 2019/09/27 v2.32 (NLCT)

(/usr/share/texlive/texmf-dist/tex/latex/xkeyval/xkeyval.sty
Package: xkeyval 2014/12/03 v2.7a package option processing (HA)

(/usr/share/texlive/texmf-dist/tex/generic/xkeyval/xkeyval.tex
(/usr/share/texlive/texmf-dist/tex/generic/xkeyval/xkvutils.tex
\XKV@toks=\toks28
\XKV@tempa@toks=\toks29
)
\XKV@depth=\count267
File: xkeyval.tex 2014/12/03 v2.7a key=value parser (HA)
))
(/usr/share/texlive/texmf-dist/tex/latex/base/ifthen.sty
Package: ifthen 2014/09/29 v1.1c Standard LaTeX ifthen package (DPC)
)
(/usr/share/texlive/texmf-dist/tex/latex/xfor/xfor.sty
Package: xfor 2009/02/05 v1.05 (NLCT)
)
(/usr/share/texlive/texmf-dist/tex/latex/substr/substr.sty
Package: substr 2009/10/20 v1.2 Handle substrings
\c@su@anzahl=\count268
)
(/usr/share/texlive/texmf-dist/tex/latex/etoolbox/etoolbox.sty
Package: etoolbox 2019/09/21 v2.5h e-TeX tools for LaTeX (JAW)
\etb@tempcnta=\count269
)
(/usr/share/texlive/texmf-dist/tex/latex/datatool/datatool-base.sty
Package: datatool-base 2019/09/27 v2.32 (NLCT)

(/usr/share/texlive/texmf-dist/tex/latex/datatool/datatool-fp.sty
Package: datatool-fp 2019/09/27 v2.32 (NLCT)

(/usr/share/texlive/texmf-dist/tex/latex/fp/fp.sty
Package: fp 1995/04/02

`Fixed Point Package', Version 0.8, April 2, 1995 (C) Michael Mehlich
(/usr/share/texlive/texmf-dist/tex/latex/fp/defpattern.sty
Package: defpattern 1994/10/12
\actioncount=\count270
)
(/usr/share/texlive/texmf-dist/tex/latex/fp/fp-basic.sty
Package: fp-basic 1996/05/13
\FP@xs=\count271
\FP@xia=\count272
\FP@xib=\count273
\FP@xfa=\count274
\FP@xfb=\count275
\FP@rega=\count276
\FP@regb=\count277
\FP@regs=\count278
\FP@times=\count279
)
(/usr/share/texlive/texmf-dist/tex/latex/fp/fp-addons.sty
Package: fp-addons 1995/03/15
)
(/usr/share/texlive/texmf-dist/tex/latex/fp/fp-snap.sty
Package: fp-snap 1995/04/05
)
(/usr/share/texlive/texmf-dist/tex/latex/fp/fp-exp.sty
Package: fp-exp 1995/04/03
)
(/usr/share/texlive/texmf-dist/tex/latex/fp/fp-trigo.sty
Package: fp-trigo 1995/04/14
)
(/usr/share/texlive/texmf-dist/tex/latex/fp/fp-pas.sty
Package: fp-pas 1994/08/29
)
(/usr/share/texlive/texmf-dist/tex/latex/fp/fp-random.sty
Package: fp-random 1995/02/23
\FPseed=\count280
)
(/usr/share/texlive/texmf-dist/tex/latex/fp/fp-eqn.sty
Package: fp-eqn 1995/04/03
)
(/usr/share/texlive/texmf-dist/tex/latex/fp/fp-upn.sty
Package: fp-upn 1996/10/21
)
(/usr/share/texlive/texmf-dist/tex/latex/fp/fp-eval.sty
Package: fp-eval 1995/04/03
)))
\@dtl@toks=\toks30
\@dtl@tmpcount=\count281
\dtl@tmplength=\skip63
\dtl@sortresult=\count282
\@dtl@numgrpsepcount=\count283
\@dtl@datatype=\count284
\dtl@codeA=\count285
\dtl@codeB=\count286
\@dtl@foreach@level=\count287
)
\dtlcolumnnum=\count288
\dtlrownum=\count289
\@dtl@before=\toks31
\@dtl@after=\toks32
\@dtl@colhead=\toks33
\dtlcurrentrow=\toks34
\dtlbeforerow=\toks35
\dtlafterrow=\toks36
\dtlforeachlevel=\count290
\c@DTLrowi=\count291
\c@DTLrowii=\count292
\c@DTLrowiii=\count293
\c@DTLrow=\count294
\dtl@rowi=\count295
\dtl@rowii=\count296
\dtl@rowiii=\count297
\@dtl@curi=\toks37
\@dtl@previ=\toks38
\@dtl@nexti=\toks39
\@dtl@curii=\toks40
\@dtl@previi=\toks41
\@dtl@nextii=\toks42
\@dtl@curiii=\toks43
\@dtl@previii=\toks44
\@dtl@nextiii=\toks45
\@dtl@elements=\count298
\@dtl@list=\toks46
\@dtl@rowa=\toks47
\@dtl@rowb=\toks48
\@dtl@toksA=\toks49
\@dtl@toksB=\toks50
\@dtl@write=\write3
\@dtl@read=\read2
\dtl@entrycr=\count299
\dtl@omitlines=\count300
)
(/usr/share/texlive/texmf-dist/tex/latex/glossaries/base/glossaries.sty
Package: glossaries 2020/02/13 v4.45 (NLCT)

(/usr/share/texlive/texmf-dist/tex/latex/mfirstuc/mfirstuc.sty
Package: mfirstuc 2017/11/14 v2.06 (NLCT)
\@glsmfirst=\toks51
\@glsmrest=\toks52
)
(/usr/share/texlive/texmf-dist/tex/latex/textcase/textcase.sty
Package: textcase 2019/09/14 v1.00 Text only upper/lower case changing (DPC)
)
(/usr/share/texlive/texmf-dist/tex/latex/glossaries/base/glossaries-compatible-
307.sty
Package: glossaries-compatible-307 2020/02/13 v4.45 (NLCT)
)
\gls@level=\count301
\@gls@tmpb=\toks53
\gls@tmplen=\skip64
\glskeylisttok=\toks54
\glslabeltok=\toks55
\glsshorttok=\toks56
\glslongtok=\toks57

(/usr/share/texlive/texmf-dist/tex/latex/glossaries/styles/glossary-hypernav.st
y
Package: glossary-hypernav 2020/02/13 v4.45 (NLCT)
) (/usr/share/texlive/texmf-dist/tex/latex/glossaries/styles/glossary-list.sty
Package: glossary-list 2020/02/13 v4.45 (NLCT)
\glslistdottedwidth=\skip65
) (/usr/share/texlive/texmf-dist/tex/latex/glossaries/styles/glossary-long.sty
Package: glossary-long 2020/02/13 v4.45 (NLCT)
\glsdescwidth=\skip66
\glspagelistwidth=\skip67
) (/usr/share/texlive/texmf-dist/tex/latex/glossaries/styles/glossary-super.sty
Package: glossary-super 2020/02/13 v4.45 (NLCT)

(/usr/share/texlive/texmf-dist/tex/latex/supertabular/supertabular.sty
Package: supertabular 2020/02/02 v4.1g the supertabular environment
\c@tracingst=\count302
\ST@wd=\dimen161
\ST@rightskip=\skip68
\ST@leftskip=\skip69
\ST@parfillskip=\skip70
\ST@pageleft=\dimen162
\ST@headht=\dimen163
\ST@tailht=\dimen164
\ST@pagesofar=\dimen165
\ST@pboxht=\dimen166
\ST@lineht=\dimen167
\ST@prevht=\dimen168
\ST@toadd=\dimen169
\ST@dimen=\dimen170
\ST@pbox=\box54
))
(/usr/share/texlive/texmf-dist/tex/latex/glossaries/styles/glossary-tree.sty
Package: glossary-tree 2020/02/13 v4.45 (NLCT)
\glstreeindent=\skip71
))
\glswrite=\write4
\glo@main@file=\write5
\openout5 = `thesis.glo'.

Package glossaries Info: Writing glossary file thesis.glo on input line 135.

(./glossary.tex)
\c@theorem=\count303

(/usr/share/texlive/texmf-dist/tex/latex/l3backend/l3backend-pdfmode.def
File: l3backend-pdfmode.def 2020-02-03 L3 backend support: PDF mode
\l__kernel_color_stack_int=\count304
\l__pdf_internal_box=\box55
)
(./thesis.aux)
\openout1 = `thesis.aux'.

LaTeX Font Info:    Checking defaults for OML/cmm/m/it on input line 294.
LaTeX Font Info:    ... okay on input line 294.
LaTeX Font Info:    Checking defaults for OMS/cmsy/m/n on input line 294.
LaTeX Font Info:    ... okay on input line 294.
LaTeX Font Info:    Checking defaults for OT1/cmr/m/n on input line 294.
LaTeX Font Info:    ... okay on input line 294.
LaTeX Font Info:    Checking defaults for T1/cmr/m/n on input line 294.
LaTeX Font Info:    ... okay on input line 294.
LaTeX Font Info:    Checking defaults for TS1/cmr/m/n on input line 294.
LaTeX Font Info:    ... okay on input line 294.
LaTeX Font Info:    Checking defaults for OMX/cmex/m/n on input line 294.
LaTeX Font Info:    ... okay on input line 294.
LaTeX Font Info:    Checking defaults for U/cmr/m/n on input line 294.
LaTeX Font Info:    ... okay on input line 294.

Note: longtable package detected, redefining the caption printing
(/usr/share/texlive/texmf-dist/tex/context/base/mkii/supp-pdf.mkii
[Loading MPS to PDF converter (version 2006.09.02).]
\scratchcounter=\count305
\scratchdimen=\dimen171
\scratchbox=\box56
\nofMPsegments=\count306
\nofMParguments=\count307
\everyMPshowfont=\toks58
\MPscratchCnt=\count308
\MPscratchDim=\dimen172
\MPnumerator=\count309
\makeMPintoPDFobject=\count310
\everyMPtoPDFconversion=\toks59
) (/usr/share/texlive/texmf-dist/tex/latex/epstopdf-pkg/epstopdf-base.sty
Package: epstopdf-base 2020-01-24 v2.11 Base part for package epstopdf
Package epstopdf-base Info: Redefining graphics rule for `.eps' on input line 4
85.

(/usr/share/texlive/texmf-dist/tex/latex/latexconfig/epstopdf-sys.cfg
File: epstopdf-sys.cfg 2010/07/13 v1.3 Configuration of (r)epstopdf for TeX Liv
e
))
Package caption Info: Begin \AtBeginDocument code.
Package caption Info: supertabular package is loaded.
Package caption Info: End \AtBeginDocument code.
LaTeX Font Info:    Trying to load font information for U+msa on input line 298
.

(/usr/share/texlive/texmf-dist/tex/latex/amsfonts/umsa.fd
File: umsa.fd 2013/01/14 v3.01 AMS symbols A
)
LaTeX Font Info:    Trying to load font information for U+msb on input line 298
.

(/usr/share/texlive/texmf-dist/tex/latex/amsfonts/umsb.fd
File: umsb.fd 2013/01/14 v3.01 AMS symbols B
) [1


\openout4 = `thesis.ist'.

{/var/lib/texmf/fonts/map/pdftex/updmap/pdftex.map}] [2] [3] [4

] [5] (./abstract.tex) [6

]
(./thesis.toc
Underfull \hbox (badness 1237) in paragraph at lines 17--17
 [][] []\OT1/cmr/m/n/12 MISCELLANEOUS COM-MANDS: AN IN-TRO-DUC-TION TO 
 []

[7

])
\tf@toc=\write6
\openout6 = `thesis.toc'.

 [8] (./thesis.lot)
\tf@lot=\write7
\openout7 = `thesis.lot'.

 [9

] (./thesis.lof
LaTeX Font Info:    Font shape `OT1/cmtt/bx/n' in size <12> not available
(Font)              Font shape `OT1/cmtt/m/n' tried instead on input line 1.
LaTeX Font Info:    Trying to load font information for OMS+cmtt on input line 
1.

(/usr/share/texmf/tex/latex/R/tex/latex/omscmtt.fd
File: omscmtt.fd 
)
LaTeX Font Info:    Font shape `OMS/cmtt/bx/n' in size <12> not available
(Font)              Font shape `OMS/cmsy/b/n' tried instead on input line 1.
)
\tf@lof=\write8
\openout8 = `thesis.lof'.

 [10

]
No file thesis.gls.
[11

] [12

] (./body.tex
CHAPTER 1.

LaTeX Font Warning: Font shape `OT1/cmr/bx/sc' undefined
(Font)              using `OT1/cmr/bx/n' instead on input line 12.

 Section 1.1.
 Section 1.2.
[1

]
 Section 1.3.
[2]
 Section 1.4.
LaTeX Font Info:    Font shape `OMS/cmtt/m/n' in size <12> not available
(Font)              Font shape `OMS/cmsy/m/n' tried instead on input line 157.
[3] [4]
 Section 1.5.

Underfull \hbox (badness 1394) in paragraph at lines 294--297
[]\OT1/cmr/m/n/12 The third pass re-solves the fi-nal cross-
 []

[5]
 Section 1.6.
 Section 1.7.
[6]
CHAPTER 2.
 Section 2.1.

Overfull \hbox (20.58517pt too wide) in paragraph at lines 371--371
[]  \OT1/cmtt/m/n/12 \int_{\partial \Omega} \omega = \int_{\Omega} d\omega.[] 
 []

 Section 2.2.
[7

]
 Section 2.3.
[8]
 Section 2.4.
LaTeX Font Info:    Trying to load font information for OMS+cmr on input line 4
78.
(/usr/share/texlive/texmf-dist/tex/latex/base/omscmr.fd
File: omscmr.fd 2019/12/16 v2.5j Standard LaTeX font definitions
)
LaTeX Font Info:    Font shape `OMS/cmr/m/n' in size <12> not available
(Font)              Font shape `OMS/cmsy/m/n' tried instead on input line 478.

 Section 2.5.

Underfull \hbox (badness 10000) in paragraph at lines 515--515
[]\OT1/cmr/bx/it/10.95 Style
 []


LaTeX Warning: Marginpar on page 9 moved.

[9]
Package epstopdf Info: Source file: <Figures/plot2.eps>
(epstopdf)                    date: 2017-05-08 07:19:16
(epstopdf)                    size: 24137 bytes
(epstopdf)             Output file: <Figures/plot2-eps-converted-to.pdf>
(epstopdf)                    date: 2019-07-16 00:44:22
(epstopdf)                    size: 9575 bytes
(epstopdf)             Command: <repstopdf --outfile=Figures/plot2-eps-converte
d-to.pdf Figures/plot2.eps>
(epstopdf)             \includegraphics on input line 564.
Package epstopdf Info: Output file is already uptodate.


pdfTeX warning: /usr/bin/pdflatex (file ./Figures/plot2-eps-converted-to.pdf): 
PDF inclusion: found PDF version <1.7>, but at most version <1.5> allowed
<Figures/plot2-eps-converted-to.pdf, id=91, 385.44pt x 246.9225pt>
File: Figures/plot2-eps-converted-to.pdf Graphic file (type pdf)
<use Figures/plot2-eps-converted-to.pdf>
Package pdftex.def Info: Figures/plot2-eps-converted-to.pdf  used on input line
 564.
(pdftex.def)             Requested size: 406.51599pt x 260.42165pt.
Package epstopdf Info: Source file: <Figures/mapping.eps>
(epstopdf)                    date: 2017-05-08 07:19:16
(epstopdf)                    size: 18338 bytes
(epstopdf)             Output file: <Figures/mapping-eps-converted-to.pdf>
(epstopdf)                    date: 2019-07-16 00:44:23
(epstopdf)                    size: 7655 bytes
(epstopdf)             Command: <repstopdf --outfile=Figures/mapping-eps-conver
ted-to.pdf Figures/mapping.eps>
(epstopdf)             \includegraphics on input line 585.
Package epstopdf Info: Output file is already uptodate.


pdfTeX warning: /usr/bin/pdflatex (file ./Figures/mapping-eps-converted-to.pdf)
: PDF inclusion: found PDF version <1.7>, but at most version <1.5> allowed
<Figures/mapping-eps-converted-to.pdf, id=92, 378.41376pt x 156.585pt>
File: Figures/mapping-eps-converted-to.pdf Graphic file (type pdf)
<use Figures/mapping-eps-converted-to.pdf>
Package pdftex.def Info: Figures/mapping-eps-converted-to.pdf  used on input li
ne 585.
(pdftex.def)             Requested size: 325.215pt x 134.57205pt.
 Section 2.6.
[10]
Underfull \hbox (badness 1242) in paragraph at lines 629--629
[]\OT1/cmr/bx/sc/12 Table 2.1. |A Small
 []


Underfull \hbox (badness 10000) in paragraph at lines 629--629
\OT1/cmr/bx/sc/12 Ta-ble for List-ing
 []


Underfull \hbox (badness 10000) in paragraph at lines 629--629
\OT1/cmr/bx/sc/12 Some Pa-ram-e-ters
 []


Underfull \hbox (badness 7907) in paragraph at lines 629--629
\OT1/cmr/bx/sc/12 Used in Some Nu-
 []


Underfull \hbox (badness 10000) in paragraph at lines 629--629
\OT1/cmr/bx/sc/12 mer-i-cal Pro-ce-dure[].
 []


Underfull \hbox (badness 10000) in paragraph at lines 629--629
\OT1/cmr/bx/sc/12 LONG CAPTION---
 []


Underfull \hbox (badness 10000) in paragraph at lines 629--629
\OT1/cmr/bx/sc/12 The De-part-ment of
 []


Underfull \hbox (badness 6927) in paragraph at lines 629--629
\OT1/cmr/bx/sc/12 does not have spe-
 []


Underfull \hbox (badness 2990) in paragraph at lines 629--629
\OT1/cmr/bx/sc/12 cific re-quire-ments on
 []


Underfull \hbox (badness 6641) in paragraph at lines 629--629
\OT1/cmr/bx/sc/12 la-beled ac-cord-ing to
 []


Underfull \hbox (badness 10000) in paragraph at lines 639--639
[]\OT1/cmr/bx/it/10.95 Style
 []

[11 <./Figures/plot2-eps-converted-to.pdf>] [12 <./Figures/mapping-eps-converte
d-to.pdf>] [13] [14

]
Overfull \hbox (0.79726pt too wide) in paragraph at lines 788--817
[][] 
 []

Package epstopdf Info: Source file: <Figures/somb.eps>
(epstopdf)                    date: 2017-05-08 07:19:16
(epstopdf)                    size: 55673 bytes
(epstopdf)             Output file: <Figures/somb-eps-converted-to.pdf>
(epstopdf)                    date: 2019-07-16 00:44:23
(epstopdf)                    size: 14780 bytes
(epstopdf)             Command: <repstopdf --outfile=Figures/somb-eps-converted
-to.pdf Figures/somb.eps>
(epstopdf)             \includegraphics on input line 823.
Package epstopdf Info: Output file is already uptodate.


pdfTeX warning: /usr/bin/pdflatex (file ./Figures/somb-eps-converted-to.pdf): P
DF inclusion: found PDF version <1.7>, but at most version <1.5> allowed
<Figures/somb-eps-converted-to.pdf, id=124, 453.695pt x 350.30875pt>
File: Figures/somb-eps-converted-to.pdf Graphic file (type pdf)
<use Figures/somb-eps-converted-to.pdf>
Package pdftex.def Info: Figures/somb-eps-converted-to.pdf  used on input line 
823.
(pdftex.def)             Requested size: 325.215pt x 251.10493pt.
Package epstopdf Info: Source file: <Figures/cos.eps>
(epstopdf)                    date: 2017-05-08 07:19:16
(epstopdf)                    size: 42787 bytes
(epstopdf)             Output file: <Figures/cos-eps-converted-to.pdf>
(epstopdf)                    date: 2019-07-16 00:44:23
(epstopdf)                    size: 12787 bytes
(epstopdf)             Command: <repstopdf --outfile=Figures/cos-eps-converted-
to.pdf Figures/cos.eps>
(epstopdf)             \includegraphics on input line 824.
Package epstopdf Info: Output file is already uptodate.


pdfTeX warning: /usr/bin/pdflatex (file ./Figures/cos-eps-converted-to.pdf): PD
F inclusion: found PDF version <1.7>, but at most version <1.5> allowed
<Figures/cos-eps-converted-to.pdf, id=125, 453.695pt x 350.30875pt>
File: Figures/cos-eps-converted-to.pdf Graphic file (type pdf)
<use Figures/cos-eps-converted-to.pdf>
Package pdftex.def Info: Figures/cos-eps-converted-to.pdf  used on input line 8
24.
(pdftex.def)             Requested size: 325.215pt x 251.10493pt.
 Section 2.7.
 Subsection 2.7.1.

Underfull \hbox (badness 10000) in paragraph at lines 854--854
[]\OT1/cmr/bx/it/10.95 Style
 []

[15] [16] [17 <./Figures/somb-eps-converted-to.pdf> <./Figures/cos-eps-converte
d-to.pdf>]
 Subsubsection 2.7.1.1.
 Subsection 2.7.2.
 Subsection 2.7.3.
[18]
 Subsection 2.7.4.
 Subsection 2.7.5.
 Subsection 2.7.6.
[19]
CHAPTER 3.

Underfull \hbox (badness 10000) in paragraph at lines 971--971
[]\OT1/cmr/bx/it/10.95 Style
 []

 Section 3.1.
 Subsection 3.1.1.
 Subsubsection 3.1.1.1.
 Subsubsubsection 3.1.1.1.1.
 Subsection 3.1.2.
 Section 3.2.
[20

] [21]
CHAPTER 4.

Underfull \hbox (badness 10000) in paragraph at lines 1049--1049
[]\OT1/cmr/bx/it/10.95 Style
 []

[22

]) (./thesis.bbl [23

] [24

] [25]) (./append.tex
APPENDIX A.
[26

]
 Section A.1.
[27] [28]
APPENDIX B.
[29

]) [30] (./thesis.aux)

LaTeX Font Warning: Some font shapes were not available, defaults substituted.

 ) 
Here is how much of TeX's memory you used:
 8976 strings out of 483183
 133469 string characters out of 5966292
 445654 words of memory out of 5000000
 23802 multiletter control sequences out of 15000+600000
 548418 words of font info for 84 fonts, out of 8000000 for 9000
 14 hyphenation exceptions out of 8191
 51i,18n,79p,1174b,509s stack positions out of 5000i,500n,10000p,200000b,80000s
 </home/edwina/.texlive2019/texmf-var/fonts/pk/ljfour/jknappen/ec/tcbx1440.60
0pk> </home/edwina/.texlive2019/texmf-var/fonts/pk/ljfour/jknappen/ec/tcbx1200.
600pk> </home/edwina/.texlive2019/texmf-var/fonts/pk/ljfour/jknappen/ec/tcrm120
0.600pk></usr/share/texlive/texmf-dist/fonts/type1/public/amsfonts/cm/cmbsy10.p
fb></usr/share/texlive/texmf-dist/fonts/type1/public/amsfonts/cm/cmbx10.pfb></u
sr/share/texlive/texmf-dist/fonts/type1/public/amsfonts/cm/cmbx12.pfb></usr/sha
re/texlive/texmf-dist/fonts/type1/public/amsfonts/cm/cmbx8.pfb></usr/share/texl
ive/texmf-dist/fonts/type1/public/amsfonts/cm/cmbxti10.pfb></usr/share/texlive/
texmf-dist/fonts/type1/public/amsfonts/cm/cmcsc10.pfb></usr/share/texlive/texmf
-dist/fonts/type1/public/amsfonts/cm/cmex10.pfb></usr/share/texlive/texmf-dist/
fonts/type1/public/amsfonts/cm/cmitt10.pfb></usr/share/texlive/texmf-dist/fonts
/type1/public/amsfonts/cm/cmmi10.pfb></usr/share/texlive/texmf-dist/fonts/type1
/public/amsfonts/cm/cmmi12.pfb></usr/share/texlive/texmf-dist/fonts/type1/publi
c/amsfonts/cm/cmmi8.pfb></usr/share/texlive/texmf-dist/fonts/type1/public/amsfo
nts/cm/cmr10.pfb></usr/share/texlive/texmf-dist/fonts/type1/public/amsfonts/cm/
cmr12.pfb></usr/share/texlive/texmf-dist/fonts/type1/public/amsfonts/cm/cmr6.pf
b></usr/share/texlive/texmf-dist/fonts/type1/public/amsfonts/cm/cmr7.pfb></usr/
share/texlive/texmf-dist/fonts/type1/public/amsfonts/cm/cmr8.pfb></usr/share/te
xlive/texmf-dist/fonts/type1/public/amsfonts/cm/cmsl12.pfb></usr/share/texlive/
texmf-dist/fonts/type1/public/amsfonts/cm/cmsy10.pfb></usr/share/texlive/texmf-
dist/fonts/type1/public/amsfonts/cm/cmsy7.pfb></usr/share/texlive/texmf-dist/fo
nts/type1/public/amsfonts/cm/cmsy8.pfb></usr/share/texlive/texmf-dist/fonts/typ
e1/public/amsfonts/cm/cmti10.pfb></usr/share/texlive/texmf-dist/fonts/type1/pub
lic/amsfonts/cm/cmti12.pfb></usr/share/texlive/texmf-dist/fonts/type1/public/am
sfonts/cm/cmti7.pfb></usr/share/texlive/texmf-dist/fonts/type1/public/amsfonts/
cm/cmti8.pfb></usr/share/texlive/texmf-dist/fonts/type1/public/amsfonts/cm/cmtt
10.pfb></usr/share/texlive/texmf-dist/fonts/type1/public/amsfonts/cm/cmtt12.pfb
>
Output written on thesis.pdf (42 pages, 425427 bytes).
PDF statistics:
 285 PDF objects out of 1000 (max. 8388607)
 199 compressed objects within 2 object streams
 0 named destinations out of 1000 (max. 500000)
 21 words of extra memory for PDF output out of 10000 (max. 10000000)

